<?xml version="1.0" encoding="UTF-8"?>
<testng-results ignored="1" total="2" passed="1" failed="0" skipped="0">
  <reporter-output>
  </reporter-output>
  <suite started-at="2022-10-21T09:32:13Z" name="Default suite" finished-at="2022-10-21T09:32:14Z" duration-ms="821">
    <groups>
    </groups>
    <test started-at="2022-10-21T09:32:13Z" name="Default test" finished-at="2022-10-21T09:32:14Z" duration-ms="821">
      <class name="xmlread.ExcelReading">
        <test-method signature="Readsheetdetails()[pri:0, instance:xmlread.ExcelReading@68dc098b]" started-at="2022-10-21T09:32:13Z" name="Readsheetdetails" finished-at="2022-10-21T09:32:14Z" duration-ms="785" status="PASS">
          <reporter-output>
          </reporter-output>
        </test-method> <!-- Readsheetdetails -->
      </class> <!-- xmlread.ExcelReading -->
    </test> <!-- Default test -->
  </suite> <!-- Default suite -->
</testng-results>
